running develop
running egg_info
writing build/yolov5_slam_nav/yolov5_slam_nav.egg-info/PKG-INFO
writing dependency_links to build/yolov5_slam_nav/yolov5_slam_nav.egg-info/dependency_links.txt
writing entry points to build/yolov5_slam_nav/yolov5_slam_nav.egg-info/entry_points.txt
writing requirements to build/yolov5_slam_nav/yolov5_slam_nav.egg-info/requires.txt
writing top-level names to build/yolov5_slam_nav/yolov5_slam_nav.egg-info/top_level.txt
reading manifest file 'build/yolov5_slam_nav/yolov5_slam_nav.egg-info/SOURCES.txt'
writing manifest file 'build/yolov5_slam_nav/yolov5_slam_nav.egg-info/SOURCES.txt'
running build
running build_py
copying src/yolov5_slam_nav/map_updater.py -> /home/jetson/object_detection_route_planning/build/yolov5_slam_nav/build/lib/yolov5_slam_nav
running install
running install_lib
creating /home/jetson/object_detection_route_planning/install/yolov5_slam_nav/lib/python3.8/site-packages/yolov5_slam_nav
copying /home/jetson/object_detection_route_planning/build/yolov5_slam_nav/build/lib/yolov5_slam_nav/listener_yolov5.py -> /home/jetson/object_detection_route_planning/install/yolov5_slam_nav/lib/python3.8/site-packages/yolov5_slam_nav
copying /home/jetson/object_detection_route_planning/build/yolov5_slam_nav/build/lib/yolov5_slam_nav/__init__.py -> /home/jetson/object_detection_route_planning/install/yolov5_slam_nav/lib/python3.8/site-packages/yolov5_slam_nav
copying /home/jetson/object_detection_route_planning/build/yolov5_slam_nav/build/lib/yolov5_slam_nav/map_updater.py -> /home/jetson/object_detection_route_planning/install/yolov5_slam_nav/lib/python3.8/site-packages/yolov5_slam_nav
copying /home/jetson/object_detection_route_planning/build/yolov5_slam_nav/build/lib/yolov5_slam_nav/data_conversion.py -> /home/jetson/object_detection_route_planning/install/yolov5_slam_nav/lib/python3.8/site-packages/yolov5_slam_nav
byte-compiling /home/jetson/object_detection_route_planning/install/yolov5_slam_nav/lib/python3.8/site-packages/yolov5_slam_nav/listener_yolov5.py to listener_yolov5.cpython-38.pyc
byte-compiling /home/jetson/object_detection_route_planning/install/yolov5_slam_nav/lib/python3.8/site-packages/yolov5_slam_nav/__init__.py to __init__.cpython-38.pyc
byte-compiling /home/jetson/object_detection_route_planning/install/yolov5_slam_nav/lib/python3.8/site-packages/yolov5_slam_nav/map_updater.py to map_updater.cpython-38.pyc
byte-compiling /home/jetson/object_detection_route_planning/install/yolov5_slam_nav/lib/python3.8/site-packages/yolov5_slam_nav/data_conversion.py to data_conversion.cpython-38.pyc
running install_data
creating /home/jetson/object_detection_route_planning/install/yolov5_slam_nav/share/ament_index
creating /home/jetson/object_detection_route_planning/install/yolov5_slam_nav/share/ament_index/resource_index
creating /home/jetson/object_detection_route_planning/install/yolov5_slam_nav/share/ament_index/resource_index/packages
copying resource/yolov5_slam_nav -> /home/jetson/object_detection_route_planning/install/yolov5_slam_nav/share/ament_index/resource_index/packages
copying package.xml -> /home/jetson/object_detection_route_planning/install/yolov5_slam_nav/share/yolov5_slam_nav
running install_egg_info
Copying build/yolov5_slam_nav/yolov5_slam_nav.egg-info to /home/jetson/object_detection_route_planning/install/yolov5_slam_nav/lib/python3.8/site-packages/yolov5_slam_nav-0.0.1-py3.8.egg-info
running install_scripts
Installing listener_yolov5 script to /home/jetson/object_detection_route_planning/install/yolov5_slam_nav/lib/yolov5_slam_nav
Installing map_updater script to /home/jetson/object_detection_route_planning/install/yolov5_slam_nav/lib/yolov5_slam_nav
writing list of installed files to '/home/jetson/object_detection_route_planning/build/yolov5_slam_nav/install.log'
