[3.343s] Invoking command in '/home/jetson/object_detection_route_planning': NX_CONNECTION=192.168.1.82 19410 192.168.1.96 4000 PYTHONPATH=/home/jetson/object_detection_route_planning/build/yolov5_slam_nav/prefix_override:/usr/lib/python3/dist-packages/colcon_core/task/python/colcon_distutils_commands:/home/jetson/object_detection_route_planning/install/yolov5_slam_nav/lib/python3.8/site-packages:${PYTHONPATH} /usr/bin/python3 -W ignore:setup.py install is deprecated -W ignore:easy_install command is deprecated setup.py egg_info --egg-base build/yolov5_slam_nav build --build-base /home/jetson/object_detection_route_planning/build/yolov5_slam_nav/build install --record /home/jetson/object_detection_route_planning/build/yolov5_slam_nav/install.log --single-version-externally-managed install_data
[4.721s] running egg_info
[4.724s] writing build/yolov5_slam_nav/yolov5_slam_nav.egg-info/PKG-INFO
[4.725s] writing dependency_links to build/yolov5_slam_nav/yolov5_slam_nav.egg-info/dependency_links.txt
[4.725s] writing entry points to build/yolov5_slam_nav/yolov5_slam_nav.egg-info/entry_points.txt
[4.726s] writing requirements to build/yolov5_slam_nav/yolov5_slam_nav.egg-info/requires.txt
[4.726s] writing top-level names to build/yolov5_slam_nav/yolov5_slam_nav.egg-info/top_level.txt
[4.738s] reading manifest file 'build/yolov5_slam_nav/yolov5_slam_nav.egg-info/SOURCES.txt'
[4.743s] writing manifest file 'build/yolov5_slam_nav/yolov5_slam_nav.egg-info/SOURCES.txt'
[4.743s] running build
[4.744s] running build_py
[4.745s] running install
[4.748s] running install_lib
[4.756s] running install_data
[4.757s] running install_egg_info
[4.766s] removing '/home/jetson/object_detection_route_planning/install/yolov5_slam_nav/lib/python3.8/site-packages/yolov5_slam_nav-0.0.1-py3.8.egg-info' (and everything under it)
[4.768s] Copying build/yolov5_slam_nav/yolov5_slam_nav.egg-info to /home/jetson/object_detection_route_planning/install/yolov5_slam_nav/lib/python3.8/site-packages/yolov5_slam_nav-0.0.1-py3.8.egg-info
[4.774s] running install_scripts
[4.854s] Installing listener_yolov5 script to /home/jetson/object_detection_route_planning/install/yolov5_slam_nav/lib/yolov5_slam_nav
[4.855s] Installing map_updater script to /home/jetson/object_detection_route_planning/install/yolov5_slam_nav/lib/yolov5_slam_nav
[4.855s] writing list of installed files to '/home/jetson/object_detection_route_planning/build/yolov5_slam_nav/install.log'
[4.964s] Invoked command in '/home/jetson/object_detection_route_planning' returned '0': NX_CONNECTION=192.168.1.82 19410 192.168.1.96 4000 PYTHONPATH=/home/jetson/object_detection_route_planning/build/yolov5_slam_nav/prefix_override:/usr/lib/python3/dist-packages/colcon_core/task/python/colcon_distutils_commands:/home/jetson/object_detection_route_planning/install/yolov5_slam_nav/lib/python3.8/site-packages:${PYTHONPATH} /usr/bin/python3 -W ignore:setup.py install is deprecated -W ignore:easy_install command is deprecated setup.py egg_info --egg-base build/yolov5_slam_nav build --build-base /home/jetson/object_detection_route_planning/build/yolov5_slam_nav/build install --record /home/jetson/object_detection_route_planning/build/yolov5_slam_nav/install.log --single-version-externally-managed install_data
