running develop
running egg_info
creating src/yolov5_slam_nav.egg-info
writing src/yolov5_slam_nav.egg-info/PKG-INFO
writing dependency_links to src/yolov5_slam_nav.egg-info/dependency_links.txt
writing entry points to src/yolov5_slam_nav.egg-info/entry_points.txt
writing requirements to src/yolov5_slam_nav.egg-info/requires.txt
writing top-level names to src/yolov5_slam_nav.egg-info/top_level.txt
writing manifest file 'src/yolov5_slam_nav.egg-info/SOURCES.txt'
reading manifest file 'src/yolov5_slam_nav.egg-info/SOURCES.txt'
writing manifest file 'src/yolov5_slam_nav.egg-info/SOURCES.txt'
running build_ext
Creating /home/jetson/yolov5_slam_nav/install/yolov5_slam_nav/lib/python3.8/site-packages/yolov5-slam-nav.egg-link (link to src)
Installing data_conversion script to /home/jetson/yolov5_slam_nav/install/yolov5_slam_nav/lib/yolov5_slam_nav
Installing listener_yolov5 script to /home/jetson/yolov5_slam_nav/install/yolov5_slam_nav/lib/yolov5_slam_nav

Installed /home/jetson/yolov5_slam_nav/build/yolov5_slam_nav/src
running symlink_data
creating /home/jetson/yolov5_slam_nav/install/yolov5_slam_nav/share/ament_index
creating /home/jetson/yolov5_slam_nav/install/yolov5_slam_nav/share/ament_index/resource_index
creating /home/jetson/yolov5_slam_nav/install/yolov5_slam_nav/share/ament_index/resource_index/packages
symbolically linking /home/jetson/yolov5_slam_nav/build/yolov5_slam_nav/resource/yolov5_slam_nav -> /home/jetson/yolov5_slam_nav/install/yolov5_slam_nav/share/ament_index/resource_index/packages
symbolically linking /home/jetson/yolov5_slam_nav/build/yolov5_slam_nav/package.xml -> /home/jetson/yolov5_slam_nav/install/yolov5_slam_nav/share/yolov5_slam_nav
