[3.266s] Invoking command in '/home/jetson/yolov5_slam_nav/build/yolov5_slam_nav': NX_CONNECTION=192.168.1.85 8470 192.168.1.96 4000 PYTHONPATH=/home/jetson/yolov5_slam_nav/build/yolov5_slam_nav/prefix_override:/usr/lib/python3/dist-packages/colcon_core/task/python/colcon_distutils_commands:/home/jetson/yolov5_slam_nav/install/yolov5_slam_nav/lib/python3.8/site-packages:${PYTHONPATH} /usr/bin/python3 -W ignore:setup.py install is deprecated -W ignore:easy_install command is deprecated setup.py develop --editable --build-directory /home/jetson/yolov5_slam_nav/build/yolov5_slam_nav/build --no-deps symlink_data
[4.553s] running develop
[5.255s] running egg_info
[5.256s] creating src/yolov5_slam_nav.egg-info
[5.256s] writing src/yolov5_slam_nav.egg-info/PKG-INFO
[5.257s] writing dependency_links to src/yolov5_slam_nav.egg-info/dependency_links.txt
[5.258s] writing entry points to src/yolov5_slam_nav.egg-info/entry_points.txt
[5.258s] writing requirements to src/yolov5_slam_nav.egg-info/requires.txt
[5.259s] writing top-level names to src/yolov5_slam_nav.egg-info/top_level.txt
[5.266s] writing manifest file 'src/yolov5_slam_nav.egg-info/SOURCES.txt'
[5.277s] reading manifest file 'src/yolov5_slam_nav.egg-info/SOURCES.txt'
[5.278s] writing manifest file 'src/yolov5_slam_nav.egg-info/SOURCES.txt'
[5.472s] running build_ext
[5.473s] Creating /home/jetson/yolov5_slam_nav/install/yolov5_slam_nav/lib/python3.8/site-packages/yolov5-slam-nav.egg-link (link to src)
[5.480s] Installing data_conversion script to /home/jetson/yolov5_slam_nav/install/yolov5_slam_nav/lib/yolov5_slam_nav
[5.480s] Installing listener_yolov5 script to /home/jetson/yolov5_slam_nav/install/yolov5_slam_nav/lib/yolov5_slam_nav
[5.481s] 
[5.481s] Installed /home/jetson/yolov5_slam_nav/build/yolov5_slam_nav/src
[5.482s] running symlink_data
[5.482s] creating /home/jetson/yolov5_slam_nav/install/yolov5_slam_nav/share/ament_index
[5.483s] creating /home/jetson/yolov5_slam_nav/install/yolov5_slam_nav/share/ament_index/resource_index
[5.483s] creating /home/jetson/yolov5_slam_nav/install/yolov5_slam_nav/share/ament_index/resource_index/packages
[5.484s] symbolically linking /home/jetson/yolov5_slam_nav/build/yolov5_slam_nav/resource/yolov5_slam_nav -> /home/jetson/yolov5_slam_nav/install/yolov5_slam_nav/share/ament_index/resource_index/packages
[5.484s] symbolically linking /home/jetson/yolov5_slam_nav/build/yolov5_slam_nav/package.xml -> /home/jetson/yolov5_slam_nav/install/yolov5_slam_nav/share/yolov5_slam_nav
[5.616s] Invoked command in '/home/jetson/yolov5_slam_nav/build/yolov5_slam_nav' returned '0': NX_CONNECTION=192.168.1.85 8470 192.168.1.96 4000 PYTHONPATH=/home/jetson/yolov5_slam_nav/build/yolov5_slam_nav/prefix_override:/usr/lib/python3/dist-packages/colcon_core/task/python/colcon_distutils_commands:/home/jetson/yolov5_slam_nav/install/yolov5_slam_nav/lib/python3.8/site-packages:${PYTHONPATH} /usr/bin/python3 -W ignore:setup.py install is deprecated -W ignore:easy_install command is deprecated setup.py develop --editable --build-directory /home/jetson/yolov5_slam_nav/build/yolov5_slam_nav/build --no-deps symlink_data
