[0.970s] [34mcolcon[0m [1;30mDEBUG[0m [32mCommand line arguments: ['/usr/bin/colcon', 'build', '--symlink-install'][0m
[0.971s] [34mcolcon[0m [1;30mDEBUG[0m [32mParsed command line arguments: Namespace(allow_overriding=[], ament_cmake_args=None, base_paths=['.'], build_base='build', catkin_cmake_args=None, catkin_skip_building_tests=False, cmake_args=None, cmake_clean_cache=False, cmake_clean_first=False, cmake_force_configure=False, cmake_target=None, cmake_target_skip_unavailable=False, continue_on_error=False, event_handlers=None, executor='parallel', ignore_user_meta=False, install_base='install', log_base=None, log_level=None, main=<bound method BuildVerb.main of <colcon_core.verb.build.BuildVerb object at 0x7f7dcd7f70>>, merge_install=False, metas=['./colcon.meta'], mixin=None, mixin_files=None, mixin_verb=('build',), packages_above=None, packages_above_and_dependencies=None, packages_above_depth=None, packages_end=None, packages_ignore=None, packages_ignore_regex=None, packages_select=None, packages_select_build_failed=False, packages_select_by_dep=None, packages_select_regex=None, packages_select_test_failures=False, packages_skip=None, packages_skip_build_finished=False, packages_skip_by_dep=None, packages_skip_regex=None, packages_skip_test_passed=False, packages_skip_up_to=None, packages_start=None, packages_up_to=None, packages_up_to_regex=None, parallel_workers=4, paths=None, symlink_install=True, test_result_base=None, verb_extension=<colcon_core.verb.build.BuildVerb object at 0x7f7dcd7f70>, verb_name='build', verb_parser=<colcon_mixin.mixin.mixin_argument.MixinArgumentDecorator object at 0x7f7dc18a60>)[0m
[1.854s] [34mcolcon.colcon_core.package_discovery[0m [1;30mLevel 1[0m discover_packages(colcon_meta) check parameters
[1.855s] [34mcolcon.colcon_core.package_discovery[0m [1;30mLevel 1[0m discover_packages(recursive) check parameters
[1.855s] [34mcolcon.colcon_core.package_discovery[0m [1;30mLevel 1[0m discover_packages(ignore) check parameters
[1.855s] [34mcolcon.colcon_core.package_discovery[0m [1;30mLevel 1[0m discover_packages(path) check parameters
[1.855s] [34mcolcon.colcon_core.package_discovery[0m [1;30mLevel 1[0m discover_packages(colcon_meta) discover
[1.855s] [34mcolcon.colcon_core.package_discovery[0m [1;30mLevel 1[0m discover_packages(recursive) discover
[1.856s] [34mcolcon.colcon_core.package_discovery[0m [1;30mINFO[0m Crawling recursively for packages in '/home/jetson/yolov5_slam_nav'
[1.856s] [34mcolcon.colcon_core.package_identification[0m [1;30mLevel 1[0m _identify(.) by extensions ['ignore', 'ignore_ament_install']
[1.856s] [34mcolcon.colcon_core.package_identification[0m [1;30mLevel 1[0m _identify(.) by extension 'ignore'
[1.857s] [34mcolcon.colcon_core.package_identification[0m [1;30mLevel 1[0m _identify(.) by extension 'ignore_ament_install'
[1.857s] [34mcolcon.colcon_core.package_identification[0m [1;30mLevel 1[0m _identify(.) by extensions ['colcon_pkg']
[1.857s] [34mcolcon.colcon_core.package_identification[0m [1;30mLevel 1[0m _identify(.) by extension 'colcon_pkg'
[1.857s] [34mcolcon.colcon_core.package_identification[0m [1;30mLevel 1[0m _identify(.) by extensions ['colcon_meta']
[1.857s] [34mcolcon.colcon_core.package_identification[0m [1;30mLevel 1[0m _identify(.) by extension 'colcon_meta'
[1.858s] [34mcolcon.colcon_core.package_identification[0m [1;30mLevel 1[0m _identify(.) by extensions ['ros']
[1.858s] [34mcolcon.colcon_core.package_identification[0m [1;30mLevel 1[0m _identify(.) by extension 'ros'
[1.953s] [34mcolcon.colcon_core.package_identification[0m [1;30mDEBUG[0m [32mPackage '.' with type 'ros.ament_python' and name 'yolov5_slam_nav'[0m
[1.953s] [34mcolcon.colcon_core.package_discovery[0m [1;30mLevel 1[0m discover_packages(recursive) using defaults
[1.953s] [34mcolcon.colcon_core.package_discovery[0m [1;30mLevel 1[0m discover_packages(ignore) discover
[1.954s] [34mcolcon.colcon_core.package_discovery[0m [1;30mLevel 1[0m discover_packages(ignore) using defaults
[1.954s] [34mcolcon.colcon_core.package_discovery[0m [1;30mLevel 1[0m discover_packages(path) discover
[1.954s] [34mcolcon.colcon_core.package_discovery[0m [1;30mLevel 1[0m discover_packages(path) using defaults
[2.013s] [34mcolcon.colcon_core.package_discovery[0m [1;30mLevel 1[0m discover_packages(prefix_path) check parameters
[2.014s] [34mcolcon.colcon_core.package_discovery[0m [1;30mLevel 1[0m discover_packages(prefix_path) discover
[2.024s] [34mcolcon.colcon_installed_package_information.package_discovery[0m [1;30mDEBUG[0m [32mFound 235 installed packages in /opt/ros/foxy[0m
[2.035s] [34mcolcon.colcon_core.package_discovery[0m [1;30mLevel 1[0m discover_packages(prefix_path) using defaults
[2.250s] [34mcolcon.colcon_core.verb[0m [1;30mLevel 5[0m set package 'yolov5_slam_nav' build argument 'cmake_args' from command line to 'None'
[2.250s] [34mcolcon.colcon_core.verb[0m [1;30mLevel 5[0m set package 'yolov5_slam_nav' build argument 'cmake_target' from command line to 'None'
[2.251s] [34mcolcon.colcon_core.verb[0m [1;30mLevel 5[0m set package 'yolov5_slam_nav' build argument 'cmake_target_skip_unavailable' from command line to 'False'
[2.251s] [34mcolcon.colcon_core.verb[0m [1;30mLevel 5[0m set package 'yolov5_slam_nav' build argument 'cmake_clean_cache' from command line to 'False'
[2.251s] [34mcolcon.colcon_core.verb[0m [1;30mLevel 5[0m set package 'yolov5_slam_nav' build argument 'cmake_clean_first' from command line to 'False'
[2.251s] [34mcolcon.colcon_core.verb[0m [1;30mLevel 5[0m set package 'yolov5_slam_nav' build argument 'cmake_force_configure' from command line to 'False'
[2.251s] [34mcolcon.colcon_core.verb[0m [1;30mLevel 5[0m set package 'yolov5_slam_nav' build argument 'ament_cmake_args' from command line to 'None'
[2.251s] [34mcolcon.colcon_core.verb[0m [1;30mLevel 5[0m set package 'yolov5_slam_nav' build argument 'catkin_cmake_args' from command line to 'None'
[2.251s] [34mcolcon.colcon_core.verb[0m [1;30mLevel 5[0m set package 'yolov5_slam_nav' build argument 'catkin_skip_building_tests' from command line to 'False'
[2.251s] [34mcolcon.colcon_core.verb[0m [1;30mDEBUG[0m [32mBuilding package 'yolov5_slam_nav' with the following arguments: {'ament_cmake_args': None, 'build_base': '/home/jetson/yolov5_slam_nav/build/yolov5_slam_nav', 'catkin_cmake_args': None, 'catkin_skip_building_tests': False, 'cmake_args': None, 'cmake_clean_cache': False, 'cmake_clean_first': False, 'cmake_force_configure': False, 'cmake_target': None, 'cmake_target_skip_unavailable': False, 'install_base': '/home/jetson/yolov5_slam_nav/install/yolov5_slam_nav', 'merge_install': False, 'path': '/home/jetson/yolov5_slam_nav', 'symlink_install': True, 'test_result_base': None}[0m
[2.252s] [34mcolcon.colcon_core.executor[0m [1;30mINFO[0m Executing jobs using 'parallel' executor
[2.256s] [34mcolcon.colcon_parallel_executor.executor.parallel[0m [1;30mDEBUG[0m [32mrun_until_complete[0m
[2.257s] [34mcolcon.colcon_ros.task.ament_python.build[0m [1;30mINFO[0m Building ROS package in '/home/jetson/yolov5_slam_nav' with build type 'ament_python'
[2.257s] [34mcolcon.colcon_core.shell[0m [1;30mLevel 1[0m create_environment_hook('yolov5_slam_nav', 'ament_prefix_path')
[2.265s] [34mcolcon.colcon_core.plugin_system[0m [1;30mINFO[0m Skipping extension 'colcon_core.shell.bat': Not used on non-Windows systems
[2.266s] [34mcolcon.colcon_core.shell[0m [1;30mINFO[0m Creating environment hook '/home/jetson/yolov5_slam_nav/install/yolov5_slam_nav/share/yolov5_slam_nav/hook/ament_prefix_path.ps1'
[2.268s] [34mcolcon.colcon_core.shell[0m [1;30mINFO[0m Creating environment descriptor '/home/jetson/yolov5_slam_nav/install/yolov5_slam_nav/share/yolov5_slam_nav/hook/ament_prefix_path.dsv'
[2.270s] [34mcolcon.colcon_core.shell[0m [1;30mINFO[0m Creating environment hook '/home/jetson/yolov5_slam_nav/install/yolov5_slam_nav/share/yolov5_slam_nav/hook/ament_prefix_path.sh'
[2.273s] [34mcolcon.colcon_core.shell[0m [1;30mINFO[0m Skip shell extension 'powershell' for command environment: Not usable outside of PowerShell
[2.274s] [34mcolcon.colcon_core.shell[0m [1;30mDEBUG[0m [32mSkip shell extension 'dsv' for command environment[0m
[3.587s] [34mcolcon.colcon_core.task.python.build[0m [1;30mINFO[0m Building Python package in '/home/jetson/yolov5_slam_nav'
[3.588s] [34mcolcon.colcon_core.shell[0m [1;30mINFO[0m Skip shell extension 'powershell' for command environment: Not usable outside of PowerShell
[3.589s] [34mcolcon.colcon_core.shell[0m [1;30mDEBUG[0m [32mSkip shell extension 'dsv' for command environment[0m
[5.524s] [34mcolcon.colcon_core.event_handler.log_command[0m [1;30mDEBUG[0m [32mInvoking command in '/home/jetson/yolov5_slam_nav/build/yolov5_slam_nav': NX_CONNECTION=192.168.1.85 8470 192.168.1.96 4000 PYTHONPATH=/home/jetson/yolov5_slam_nav/build/yolov5_slam_nav/prefix_override:/usr/lib/python3/dist-packages/colcon_core/task/python/colcon_distutils_commands:/home/jetson/yolov5_slam_nav/install/yolov5_slam_nav/lib/python3.8/site-packages:${PYTHONPATH} /usr/bin/python3 -W ignore:setup.py install is deprecated -W ignore:easy_install command is deprecated setup.py develop --editable --build-directory /home/jetson/yolov5_slam_nav/build/yolov5_slam_nav/build --no-deps symlink_data[0m
[7.870s] [34mcolcon.colcon_core.shell[0m [1;30mLevel 1[0m create_environment_hook('yolov5_slam_nav', 'pythonpath_develop')
[7.872s] [34mcolcon.colcon_core.shell[0m [1;30mINFO[0m Creating environment hook '/home/jetson/yolov5_slam_nav/build/yolov5_slam_nav/src/share/yolov5_slam_nav/hook/pythonpath_develop.ps1'
[7.874s] [34mcolcon.colcon_core.event_handler.log_command[0m [1;30mDEBUG[0m [32mInvoked command in '/home/jetson/yolov5_slam_nav/build/yolov5_slam_nav' returned '0': NX_CONNECTION=192.168.1.85 8470 192.168.1.96 4000 PYTHONPATH=/home/jetson/yolov5_slam_nav/build/yolov5_slam_nav/prefix_override:/usr/lib/python3/dist-packages/colcon_core/task/python/colcon_distutils_commands:/home/jetson/yolov5_slam_nav/install/yolov5_slam_nav/lib/python3.8/site-packages:${PYTHONPATH} /usr/bin/python3 -W ignore:setup.py install is deprecated -W ignore:easy_install command is deprecated setup.py develop --editable --build-directory /home/jetson/yolov5_slam_nav/build/yolov5_slam_nav/build --no-deps symlink_data[0m
[7.876s] [34mcolcon.colcon_core.shell[0m [1;30mINFO[0m Creating environment descriptor '/home/jetson/yolov5_slam_nav/build/yolov5_slam_nav/src/share/yolov5_slam_nav/hook/pythonpath_develop.dsv'
[7.877s] [34mcolcon.colcon_core.shell[0m [1;30mINFO[0m Creating environment hook '/home/jetson/yolov5_slam_nav/build/yolov5_slam_nav/src/share/yolov5_slam_nav/hook/pythonpath_develop.sh'
[7.900s] [34mcolcon.colcon_core.environment[0m [1;30mLevel 1[0m checking '/home/jetson/yolov5_slam_nav/install/yolov5_slam_nav' for CMake module files
[7.902s] [34mcolcon.colcon_core.environment[0m [1;30mLevel 1[0m checking '/home/jetson/yolov5_slam_nav/install/yolov5_slam_nav' for CMake config files
[7.905s] [34mcolcon.colcon_core.environment[0m [1;30mLevel 1[0m checking '/home/jetson/yolov5_slam_nav/install/yolov5_slam_nav/lib'
[7.905s] [34mcolcon.colcon_core.environment[0m [1;30mLevel 1[0m checking '/home/jetson/yolov5_slam_nav/install/yolov5_slam_nav/bin'
[7.906s] [34mcolcon.colcon_core.environment[0m [1;30mLevel 1[0m checking '/home/jetson/yolov5_slam_nav/install/yolov5_slam_nav/lib/pkgconfig/yolov5_slam_nav.pc'
[7.906s] [34mcolcon.colcon_core.environment[0m [1;30mLevel 1[0m checking '/home/jetson/yolov5_slam_nav/install/yolov5_slam_nav/lib/python3.8/site-packages'
[7.907s] [34mcolcon.colcon_core.shell[0m [1;30mLevel 1[0m create_environment_hook('yolov5_slam_nav', 'pythonpath')
[7.908s] [34mcolcon.colcon_core.shell[0m [1;30mINFO[0m Creating environment hook '/home/jetson/yolov5_slam_nav/install/yolov5_slam_nav/share/yolov5_slam_nav/hook/pythonpath.ps1'
[7.909s] [34mcolcon.colcon_core.shell[0m [1;30mINFO[0m Creating environment descriptor '/home/jetson/yolov5_slam_nav/install/yolov5_slam_nav/share/yolov5_slam_nav/hook/pythonpath.dsv'
[7.911s] [34mcolcon.colcon_core.shell[0m [1;30mINFO[0m Creating environment hook '/home/jetson/yolov5_slam_nav/install/yolov5_slam_nav/share/yolov5_slam_nav/hook/pythonpath.sh'
[7.913s] [34mcolcon.colcon_core.environment[0m [1;30mLevel 1[0m checking '/home/jetson/yolov5_slam_nav/install/yolov5_slam_nav/bin'
[7.913s] [34mcolcon.colcon_core.environment[0m [1;30mLevel 1[0m create_environment_scripts_only(yolov5_slam_nav)
[7.915s] [34mcolcon.colcon_core.shell[0m [1;30mINFO[0m Creating package script '/home/jetson/yolov5_slam_nav/install/yolov5_slam_nav/share/yolov5_slam_nav/package.ps1'
[7.921s] [34mcolcon.colcon_core.shell[0m [1;30mINFO[0m Creating package descriptor '/home/jetson/yolov5_slam_nav/install/yolov5_slam_nav/share/yolov5_slam_nav/package.dsv'
[7.925s] [34mcolcon.colcon_core.shell[0m [1;30mINFO[0m Creating package script '/home/jetson/yolov5_slam_nav/install/yolov5_slam_nav/share/yolov5_slam_nav/package.sh'
[7.930s] [34mcolcon.colcon_core.shell[0m [1;30mINFO[0m Creating package script '/home/jetson/yolov5_slam_nav/install/yolov5_slam_nav/share/yolov5_slam_nav/package.bash'
[7.935s] [34mcolcon.colcon_core.shell[0m [1;30mINFO[0m Creating package script '/home/jetson/yolov5_slam_nav/install/yolov5_slam_nav/share/yolov5_slam_nav/package.zsh'
[7.939s] [34mcolcon.colcon_core.environment[0m [1;30mLevel 1[0m create_file_with_runtime_dependencies(/home/jetson/yolov5_slam_nav/install/yolov5_slam_nav/share/colcon-core/packages/yolov5_slam_nav)
[7.942s] [34mcolcon.colcon_parallel_executor.executor.parallel[0m [1;30mDEBUG[0m [32mclosing loop[0m
[7.943s] [34mcolcon.colcon_parallel_executor.executor.parallel[0m [1;30mDEBUG[0m [32mloop closed[0m
[7.943s] [34mcolcon.colcon_parallel_executor.executor.parallel[0m [1;30mDEBUG[0m [32mrun_until_complete finished with '0'[0m
[7.944s] [34mcolcon.colcon_core.event_reactor[0m [1;30mDEBUG[0m [32mjoining thread[0m
[7.965s] [34mcolcon.colcon_core.plugin_system[0m [1;30mINFO[0m Skipping extension 'colcon_notification.desktop_notification.terminal_notifier': Not used on non-Darwin systems
[7.965s] [34mcolcon.colcon_core.plugin_system[0m [1;30mINFO[0m Skipping extension 'colcon_notification.desktop_notification.win32': Not used on non-Windows systems
[7.966s] [34mcolcon.colcon_notification.desktop_notification[0m [1;30mINFO[0m Sending desktop notification using 'notify2'
[8.035s] [34mcolcon.colcon_core.event_reactor[0m [1;30mDEBUG[0m [32mjoined thread[0m
[8.036s] [34mcolcon.colcon_core.shell[0m [1;30mINFO[0m Creating prefix script '/home/jetson/yolov5_slam_nav/install/local_setup.ps1'
[8.040s] [34mcolcon.colcon_core.shell[0m [1;30mINFO[0m Creating prefix util module '/home/jetson/yolov5_slam_nav/install/_local_setup_util_ps1.py'
[8.047s] [34mcolcon.colcon_core.shell[0m [1;30mINFO[0m Creating prefix chain script '/home/jetson/yolov5_slam_nav/install/setup.ps1'
[8.052s] [34mcolcon.colcon_core.shell[0m [1;30mINFO[0m Creating prefix script '/home/jetson/yolov5_slam_nav/install/local_setup.sh'
[8.055s] [34mcolcon.colcon_core.shell[0m [1;30mINFO[0m Creating prefix util module '/home/jetson/yolov5_slam_nav/install/_local_setup_util_sh.py'
[8.057s] [34mcolcon.colcon_core.shell[0m [1;30mINFO[0m Creating prefix chain script '/home/jetson/yolov5_slam_nav/install/setup.sh'
[8.062s] [34mcolcon.colcon_core.shell[0m [1;30mINFO[0m Creating prefix script '/home/jetson/yolov5_slam_nav/install/local_setup.bash'
[8.064s] [34mcolcon.colcon_core.shell[0m [1;30mINFO[0m Creating prefix chain script '/home/jetson/yolov5_slam_nav/install/setup.bash'
[8.068s] [34mcolcon.colcon_core.shell[0m [1;30mINFO[0m Creating prefix script '/home/jetson/yolov5_slam_nav/install/local_setup.zsh'
[8.071s] [34mcolcon.colcon_core.shell[0m [1;30mINFO[0m Creating prefix chain script '/home/jetson/yolov5_slam_nav/install/setup.zsh'
