running egg_info
writing build/yolov5_slam_nav/yolov5_slam_nav.egg-info/PKG-INFO
writing dependency_links to build/yolov5_slam_nav/yolov5_slam_nav.egg-info/dependency_links.txt
writing entry points to build/yolov5_slam_nav/yolov5_slam_nav.egg-info/entry_points.txt
writing requirements to build/yolov5_slam_nav/yolov5_slam_nav.egg-info/requires.txt
writing top-level names to build/yolov5_slam_nav/yolov5_slam_nav.egg-info/top_level.txt
reading manifest file 'build/yolov5_slam_nav/yolov5_slam_nav.egg-info/SOURCES.txt'
writing manifest file 'build/yolov5_slam_nav/yolov5_slam_nav.egg-info/SOURCES.txt'
running build
running build_py
copying src/yolov5_slam_nav/data_conversion.py -> /home/jetson/yolov5_slam_nav/build/yolov5_slam_nav/build/lib/yolov5_slam_nav
running install
running install_lib
copying /home/jetson/yolov5_slam_nav/build/yolov5_slam_nav/build/lib/yolov5_slam_nav/data_conversion.py -> /home/jetson/yolov5_slam_nav/install/yolov5_slam_nav/lib/python3.8/site-packages/yolov5_slam_nav
byte-compiling /home/jetson/yolov5_slam_nav/install/yolov5_slam_nav/lib/python3.8/site-packages/yolov5_slam_nav/data_conversion.py to data_conversion.cpython-38.pyc
running install_data
running install_egg_info
removing '/home/jetson/yolov5_slam_nav/install/yolov5_slam_nav/lib/python3.8/site-packages/yolov5_slam_nav-0.0.1-py3.8.egg-info' (and everything under it)
Copying build/yolov5_slam_nav/yolov5_slam_nav.egg-info to /home/jetson/yolov5_slam_nav/install/yolov5_slam_nav/lib/python3.8/site-packages/yolov5_slam_nav-0.0.1-py3.8.egg-info
running install_scripts
Installing data_conversion script to /home/jetson/yolov5_slam_nav/install/yolov5_slam_nav/lib/yolov5_slam_nav
Installing listener_yolov5 script to /home/jetson/yolov5_slam_nav/install/yolov5_slam_nav/lib/yolov5_slam_nav
writing list of installed files to '/home/jetson/yolov5_slam_nav/build/yolov5_slam_nav/install.log'
