[3.817s] Invoking command in '/home/jetson/yolov5_slam_nav': NX_CONNECTION=192.168.1.82 28285 192.168.1.87 4000 PYTHONPATH=/home/jetson/yolov5_slam_nav/build/yolov5_slam_nav/prefix_override:/usr/lib/python3/dist-packages/colcon_core/task/python/colcon_distutils_commands:/home/jetson/yolov5_slam_nav/install/yolov5_slam_nav/lib/python3.8/site-packages:${PYTHONPATH} /usr/bin/python3 -W ignore:setup.py install is deprecated -W ignore:easy_install command is deprecated setup.py egg_info --egg-base build/yolov5_slam_nav build --build-base /home/jetson/yolov5_slam_nav/build/yolov5_slam_nav/build install --record /home/jetson/yolov5_slam_nav/build/yolov5_slam_nav/install.log --single-version-externally-managed install_data
[5.151s] running egg_info
[5.154s] writing build/yolov5_slam_nav/yolov5_slam_nav.egg-info/PKG-INFO
[5.157s] writing dependency_links to build/yolov5_slam_nav/yolov5_slam_nav.egg-info/dependency_links.txt
[5.158s] writing entry points to build/yolov5_slam_nav/yolov5_slam_nav.egg-info/entry_points.txt
[5.158s] writing requirements to build/yolov5_slam_nav/yolov5_slam_nav.egg-info/requires.txt
[5.159s] writing top-level names to build/yolov5_slam_nav/yolov5_slam_nav.egg-info/top_level.txt
[5.180s] reading manifest file 'build/yolov5_slam_nav/yolov5_slam_nav.egg-info/SOURCES.txt'
[5.186s] writing manifest file 'build/yolov5_slam_nav/yolov5_slam_nav.egg-info/SOURCES.txt'
[5.187s] running build
[5.187s] running build_py
[5.190s] copying src/yolov5_slam_nav/data_conversion.py -> /home/jetson/yolov5_slam_nav/build/yolov5_slam_nav/build/lib/yolov5_slam_nav
[5.192s] running install
[5.195s] running install_lib
[5.199s] copying /home/jetson/yolov5_slam_nav/build/yolov5_slam_nav/build/lib/yolov5_slam_nav/data_conversion.py -> /home/jetson/yolov5_slam_nav/install/yolov5_slam_nav/lib/python3.8/site-packages/yolov5_slam_nav
[5.202s] byte-compiling /home/jetson/yolov5_slam_nav/install/yolov5_slam_nav/lib/python3.8/site-packages/yolov5_slam_nav/data_conversion.py to data_conversion.cpython-38.pyc
[5.205s] running install_data
[5.206s] running install_egg_info
[5.212s] removing '/home/jetson/yolov5_slam_nav/install/yolov5_slam_nav/lib/python3.8/site-packages/yolov5_slam_nav-0.0.1-py3.8.egg-info' (and everything under it)
[5.213s] Copying build/yolov5_slam_nav/yolov5_slam_nav.egg-info to /home/jetson/yolov5_slam_nav/install/yolov5_slam_nav/lib/python3.8/site-packages/yolov5_slam_nav-0.0.1-py3.8.egg-info
[5.218s] running install_scripts
[5.298s] Installing data_conversion script to /home/jetson/yolov5_slam_nav/install/yolov5_slam_nav/lib/yolov5_slam_nav
[5.299s] Installing listener_yolov5 script to /home/jetson/yolov5_slam_nav/install/yolov5_slam_nav/lib/yolov5_slam_nav
[5.299s] writing list of installed files to '/home/jetson/yolov5_slam_nav/build/yolov5_slam_nav/install.log'
[5.403s] Invoked command in '/home/jetson/yolov5_slam_nav' returned '0': NX_CONNECTION=192.168.1.82 28285 192.168.1.87 4000 PYTHONPATH=/home/jetson/yolov5_slam_nav/build/yolov5_slam_nav/prefix_override:/usr/lib/python3/dist-packages/colcon_core/task/python/colcon_distutils_commands:/home/jetson/yolov5_slam_nav/install/yolov5_slam_nav/lib/python3.8/site-packages:${PYTHONPATH} /usr/bin/python3 -W ignore:setup.py install is deprecated -W ignore:easy_install command is deprecated setup.py egg_info --egg-base build/yolov5_slam_nav build --build-base /home/jetson/yolov5_slam_nav/build/yolov5_slam_nav/build install --record /home/jetson/yolov5_slam_nav/build/yolov5_slam_nav/install.log --single-version-externally-managed install_data
