running egg_info
creating build/yolov5_slam_nav/yolov5_slam_nav.egg-info
writing build/yolov5_slam_nav/yolov5_slam_nav.egg-info/PKG-INFO
writing dependency_links to build/yolov5_slam_nav/yolov5_slam_nav.egg-info/dependency_links.txt
writing entry points to build/yolov5_slam_nav/yolov5_slam_nav.egg-info/entry_points.txt
writing requirements to build/yolov5_slam_nav/yolov5_slam_nav.egg-info/requires.txt
writing top-level names to build/yolov5_slam_nav/yolov5_slam_nav.egg-info/top_level.txt
writing manifest file 'build/yolov5_slam_nav/yolov5_slam_nav.egg-info/SOURCES.txt'
reading manifest file 'build/yolov5_slam_nav/yolov5_slam_nav.egg-info/SOURCES.txt'
writing manifest file 'build/yolov5_slam_nav/yolov5_slam_nav.egg-info/SOURCES.txt'
running build
running build_py
creating /home/jetson/yolov5_slam_nav/build/yolov5_slam_nav/build
creating /home/jetson/yolov5_slam_nav/build/yolov5_slam_nav/build/lib
creating /home/jetson/yolov5_slam_nav/build/yolov5_slam_nav/build/lib/yolov5_slam_nav
copying src/yolov5_slam_nav/listener_yolov5.py -> /home/jetson/yolov5_slam_nav/build/yolov5_slam_nav/build/lib/yolov5_slam_nav
copying src/yolov5_slam_nav/__init__.py -> /home/jetson/yolov5_slam_nav/build/yolov5_slam_nav/build/lib/yolov5_slam_nav
copying src/yolov5_slam_nav/data_conversion.py -> /home/jetson/yolov5_slam_nav/build/yolov5_slam_nav/build/lib/yolov5_slam_nav
running install
running install_lib
creating /home/jetson/yolov5_slam_nav/install/yolov5_slam_nav/lib/python3.8/site-packages/yolov5_slam_nav
copying /home/jetson/yolov5_slam_nav/build/yolov5_slam_nav/build/lib/yolov5_slam_nav/listener_yolov5.py -> /home/jetson/yolov5_slam_nav/install/yolov5_slam_nav/lib/python3.8/site-packages/yolov5_slam_nav
copying /home/jetson/yolov5_slam_nav/build/yolov5_slam_nav/build/lib/yolov5_slam_nav/__init__.py -> /home/jetson/yolov5_slam_nav/install/yolov5_slam_nav/lib/python3.8/site-packages/yolov5_slam_nav
copying /home/jetson/yolov5_slam_nav/build/yolov5_slam_nav/build/lib/yolov5_slam_nav/data_conversion.py -> /home/jetson/yolov5_slam_nav/install/yolov5_slam_nav/lib/python3.8/site-packages/yolov5_slam_nav
byte-compiling /home/jetson/yolov5_slam_nav/install/yolov5_slam_nav/lib/python3.8/site-packages/yolov5_slam_nav/listener_yolov5.py to listener_yolov5.cpython-38.pyc
byte-compiling /home/jetson/yolov5_slam_nav/install/yolov5_slam_nav/lib/python3.8/site-packages/yolov5_slam_nav/__init__.py to __init__.cpython-38.pyc
byte-compiling /home/jetson/yolov5_slam_nav/install/yolov5_slam_nav/lib/python3.8/site-packages/yolov5_slam_nav/data_conversion.py to data_conversion.cpython-38.pyc
running install_data
running install_egg_info
Copying build/yolov5_slam_nav/yolov5_slam_nav.egg-info to /home/jetson/yolov5_slam_nav/install/yolov5_slam_nav/lib/python3.8/site-packages/yolov5_slam_nav-0.0.1-py3.8.egg-info
running install_scripts
Installing data_conversion script to /home/jetson/yolov5_slam_nav/install/yolov5_slam_nav/lib/yolov5_slam_nav
Installing listener_yolov5 script to /home/jetson/yolov5_slam_nav/install/yolov5_slam_nav/lib/yolov5_slam_nav
writing list of installed files to '/home/jetson/yolov5_slam_nav/build/yolov5_slam_nav/install.log'
