[5.455s] Invoking command in '/home/jetson/yolov5_slam_nav': NX_CONNECTION=192.168.1.82 28285 192.168.1.87 4000 PYTHONPATH=/home/jetson/yolov5_slam_nav/build/yolov5_slam_nav/prefix_override:/usr/lib/python3/dist-packages/colcon_core/task/python/colcon_distutils_commands:/home/jetson/yolov5_slam_nav/install/yolov5_slam_nav/lib/python3.8/site-packages:${PYTHONPATH} /usr/bin/python3 -W ignore:setup.py install is deprecated -W ignore:easy_install command is deprecated setup.py egg_info --egg-base build/yolov5_slam_nav build --build-base /home/jetson/yolov5_slam_nav/build/yolov5_slam_nav/build install --record /home/jetson/yolov5_slam_nav/build/yolov5_slam_nav/install.log --single-version-externally-managed install_data
[7.586s] running egg_info
[7.632s] creating build/yolov5_slam_nav/yolov5_slam_nav.egg-info
[7.633s] writing build/yolov5_slam_nav/yolov5_slam_nav.egg-info/PKG-INFO
[7.635s] writing dependency_links to build/yolov5_slam_nav/yolov5_slam_nav.egg-info/dependency_links.txt
[7.637s] writing entry points to build/yolov5_slam_nav/yolov5_slam_nav.egg-info/entry_points.txt
[7.637s] writing requirements to build/yolov5_slam_nav/yolov5_slam_nav.egg-info/requires.txt
[7.638s] writing top-level names to build/yolov5_slam_nav/yolov5_slam_nav.egg-info/top_level.txt
[7.639s] writing manifest file 'build/yolov5_slam_nav/yolov5_slam_nav.egg-info/SOURCES.txt'
[7.639s] reading manifest file 'build/yolov5_slam_nav/yolov5_slam_nav.egg-info/SOURCES.txt'
[7.640s] writing manifest file 'build/yolov5_slam_nav/yolov5_slam_nav.egg-info/SOURCES.txt'
[7.641s] running build
[7.642s] running build_py
[7.642s] creating /home/jetson/yolov5_slam_nav/build/yolov5_slam_nav/build
[7.643s] creating /home/jetson/yolov5_slam_nav/build/yolov5_slam_nav/build/lib
[7.644s] creating /home/jetson/yolov5_slam_nav/build/yolov5_slam_nav/build/lib/yolov5_slam_nav
[7.644s] copying src/yolov5_slam_nav/listener_yolov5.py -> /home/jetson/yolov5_slam_nav/build/yolov5_slam_nav/build/lib/yolov5_slam_nav
[7.645s] copying src/yolov5_slam_nav/__init__.py -> /home/jetson/yolov5_slam_nav/build/yolov5_slam_nav/build/lib/yolov5_slam_nav
[7.653s] copying src/yolov5_slam_nav/data_conversion.py -> /home/jetson/yolov5_slam_nav/build/yolov5_slam_nav/build/lib/yolov5_slam_nav
[7.654s] running install
[7.654s] running install_lib
[7.655s] creating /home/jetson/yolov5_slam_nav/install/yolov5_slam_nav/lib/python3.8/site-packages/yolov5_slam_nav
[7.655s] copying /home/jetson/yolov5_slam_nav/build/yolov5_slam_nav/build/lib/yolov5_slam_nav/listener_yolov5.py -> /home/jetson/yolov5_slam_nav/install/yolov5_slam_nav/lib/python3.8/site-packages/yolov5_slam_nav
[7.656s] copying /home/jetson/yolov5_slam_nav/build/yolov5_slam_nav/build/lib/yolov5_slam_nav/__init__.py -> /home/jetson/yolov5_slam_nav/install/yolov5_slam_nav/lib/python3.8/site-packages/yolov5_slam_nav
[7.657s] copying /home/jetson/yolov5_slam_nav/build/yolov5_slam_nav/build/lib/yolov5_slam_nav/data_conversion.py -> /home/jetson/yolov5_slam_nav/install/yolov5_slam_nav/lib/python3.8/site-packages/yolov5_slam_nav
[7.662s] byte-compiling /home/jetson/yolov5_slam_nav/install/yolov5_slam_nav/lib/python3.8/site-packages/yolov5_slam_nav/listener_yolov5.py to listener_yolov5.cpython-38.pyc
[7.679s] byte-compiling /home/jetson/yolov5_slam_nav/install/yolov5_slam_nav/lib/python3.8/site-packages/yolov5_slam_nav/__init__.py to __init__.cpython-38.pyc
[7.681s] byte-compiling /home/jetson/yolov5_slam_nav/install/yolov5_slam_nav/lib/python3.8/site-packages/yolov5_slam_nav/data_conversion.py to data_conversion.cpython-38.pyc
[7.682s] running install_data
[7.682s] running install_egg_info
[7.683s] Copying build/yolov5_slam_nav/yolov5_slam_nav.egg-info to /home/jetson/yolov5_slam_nav/install/yolov5_slam_nav/lib/python3.8/site-packages/yolov5_slam_nav-0.0.1-py3.8.egg-info
[7.698s] running install_scripts
[7.793s] Installing data_conversion script to /home/jetson/yolov5_slam_nav/install/yolov5_slam_nav/lib/yolov5_slam_nav
[7.796s] Installing listener_yolov5 script to /home/jetson/yolov5_slam_nav/install/yolov5_slam_nav/lib/yolov5_slam_nav
[7.798s] writing list of installed files to '/home/jetson/yolov5_slam_nav/build/yolov5_slam_nav/install.log'
[7.947s] Invoked command in '/home/jetson/yolov5_slam_nav' returned '0': NX_CONNECTION=192.168.1.82 28285 192.168.1.87 4000 PYTHONPATH=/home/jetson/yolov5_slam_nav/build/yolov5_slam_nav/prefix_override:/usr/lib/python3/dist-packages/colcon_core/task/python/colcon_distutils_commands:/home/jetson/yolov5_slam_nav/install/yolov5_slam_nav/lib/python3.8/site-packages:${PYTHONPATH} /usr/bin/python3 -W ignore:setup.py install is deprecated -W ignore:easy_install command is deprecated setup.py egg_info --egg-base build/yolov5_slam_nav build --build-base /home/jetson/yolov5_slam_nav/build/yolov5_slam_nav/build install --record /home/jetson/yolov5_slam_nav/build/yolov5_slam_nav/install.log --single-version-externally-managed install_data
