[4.133s] Invoking command in '/home/jetson/object_detection_route_planning': NX_CONNECTION=192.168.1.82 19410 192.168.1.96 4000 PYTHONPATH=/home/jetson/object_detection_route_planning/build/yolov5_slam_nav/prefix_override:/usr/lib/python3/dist-packages/colcon_core/task/python/colcon_distutils_commands:/home/jetson/object_detection_route_planning/install/yolov5_slam_nav/lib/python3.8/site-packages:${PYTHONPATH} /usr/bin/python3 -W ignore:setup.py install is deprecated -W ignore:easy_install command is deprecated setup.py egg_info --egg-base build/yolov5_slam_nav build --build-base /home/jetson/object_detection_route_planning/build/yolov5_slam_nav/build install --record /home/jetson/object_detection_route_planning/build/yolov5_slam_nav/install.log --single-version-externally-managed install_data
[5.631s] running egg_info
[5.636s] writing build/yolov5_slam_nav/yolov5_slam_nav.egg-info/PKG-INFO
[5.649s] writing dependency_links to build/yolov5_slam_nav/yolov5_slam_nav.egg-info/dependency_links.txt
[5.651s] writing entry points to build/yolov5_slam_nav/yolov5_slam_nav.egg-info/entry_points.txt
[5.653s] writing requirements to build/yolov5_slam_nav/yolov5_slam_nav.egg-info/requires.txt
[5.654s] writing top-level names to build/yolov5_slam_nav/yolov5_slam_nav.egg-info/top_level.txt
[5.683s] reading manifest file 'build/yolov5_slam_nav/yolov5_slam_nav.egg-info/SOURCES.txt'
[5.688s] writing manifest file 'build/yolov5_slam_nav/yolov5_slam_nav.egg-info/SOURCES.txt'
[5.690s] running build
[5.691s] running build_py
[5.699s] running install
[5.703s] running install_lib
[5.719s] running install_data
[5.721s] running install_egg_info
[5.735s] removing '/home/jetson/object_detection_route_planning/install/yolov5_slam_nav/lib/python3.8/site-packages/yolov5_slam_nav-0.0.1-py3.8.egg-info' (and everything under it)
[5.739s] Copying build/yolov5_slam_nav/yolov5_slam_nav.egg-info to /home/jetson/object_detection_route_planning/install/yolov5_slam_nav/lib/python3.8/site-packages/yolov5_slam_nav-0.0.1-py3.8.egg-info
[5.747s] running install_scripts
[5.855s] Installing listener_yolov5 script to /home/jetson/object_detection_route_planning/install/yolov5_slam_nav/lib/yolov5_slam_nav
[5.858s] Installing map_updater script to /home/jetson/object_detection_route_planning/install/yolov5_slam_nav/lib/yolov5_slam_nav
[5.859s] writing list of installed files to '/home/jetson/object_detection_route_planning/build/yolov5_slam_nav/install.log'
[5.968s] Invoked command in '/home/jetson/object_detection_route_planning' returned '0': NX_CONNECTION=192.168.1.82 19410 192.168.1.96 4000 PYTHONPATH=/home/jetson/object_detection_route_planning/build/yolov5_slam_nav/prefix_override:/usr/lib/python3/dist-packages/colcon_core/task/python/colcon_distutils_commands:/home/jetson/object_detection_route_planning/install/yolov5_slam_nav/lib/python3.8/site-packages:${PYTHONPATH} /usr/bin/python3 -W ignore:setup.py install is deprecated -W ignore:easy_install command is deprecated setup.py egg_info --egg-base build/yolov5_slam_nav build --build-base /home/jetson/object_detection_route_planning/build/yolov5_slam_nav/build install --record /home/jetson/object_detection_route_planning/build/yolov5_slam_nav/install.log --single-version-externally-managed install_data
