[3.582s] Invoking command in '/home/jetson/object_detection_route_planning': NX_CONNECTION=192.168.1.82 19410 192.168.1.96 4000 PYTHONPATH=/home/jetson/object_detection_route_planning/build/yolov5_slam_nav/prefix_override:/usr/lib/python3/dist-packages/colcon_core/task/python/colcon_distutils_commands:/home/jetson/object_detection_route_planning/install/yolov5_slam_nav/lib/python3.8/site-packages:${PYTHONPATH} /usr/bin/python3 -W ignore:setup.py install is deprecated -W ignore:easy_install command is deprecated setup.py egg_info --egg-base build/yolov5_slam_nav build --build-base /home/jetson/object_detection_route_planning/build/yolov5_slam_nav/build install --record /home/jetson/object_detection_route_planning/build/yolov5_slam_nav/install.log --single-version-externally-managed install_data
[4.804s] running egg_info
[4.808s] writing build/yolov5_slam_nav/yolov5_slam_nav.egg-info/PKG-INFO
[4.809s] writing dependency_links to build/yolov5_slam_nav/yolov5_slam_nav.egg-info/dependency_links.txt
[4.810s] writing entry points to build/yolov5_slam_nav/yolov5_slam_nav.egg-info/entry_points.txt
[4.810s] writing requirements to build/yolov5_slam_nav/yolov5_slam_nav.egg-info/requires.txt
[4.811s] writing top-level names to build/yolov5_slam_nav/yolov5_slam_nav.egg-info/top_level.txt
[4.856s] reading manifest file 'build/yolov5_slam_nav/yolov5_slam_nav.egg-info/SOURCES.txt'
[4.862s] writing manifest file 'build/yolov5_slam_nav/yolov5_slam_nav.egg-info/SOURCES.txt'
[4.862s] running build
[4.863s] running build_py
[4.874s] copying src/yolov5_slam_nav/publish_map_odom_tf.py -> /home/jetson/object_detection_route_planning/build/yolov5_slam_nav/build/lib/yolov5_slam_nav
[4.876s] copying src/yolov5_slam_nav/map_updater.py -> /home/jetson/object_detection_route_planning/build/yolov5_slam_nav/build/lib/yolov5_slam_nav
[4.877s] running install
[4.881s] running install_lib
[4.887s] copying /home/jetson/object_detection_route_planning/build/yolov5_slam_nav/build/lib/yolov5_slam_nav/publish_map_odom_tf.py -> /home/jetson/object_detection_route_planning/install/yolov5_slam_nav/lib/python3.8/site-packages/yolov5_slam_nav
[4.888s] copying /home/jetson/object_detection_route_planning/build/yolov5_slam_nav/build/lib/yolov5_slam_nav/map_updater.py -> /home/jetson/object_detection_route_planning/install/yolov5_slam_nav/lib/python3.8/site-packages/yolov5_slam_nav
[4.891s] byte-compiling /home/jetson/object_detection_route_planning/install/yolov5_slam_nav/lib/python3.8/site-packages/yolov5_slam_nav/publish_map_odom_tf.py to publish_map_odom_tf.cpython-38.pyc
[4.893s] byte-compiling /home/jetson/object_detection_route_planning/install/yolov5_slam_nav/lib/python3.8/site-packages/yolov5_slam_nav/map_updater.py to map_updater.cpython-38.pyc
[4.898s] running install_data
[4.906s] running install_egg_info
[4.912s] removing '/home/jetson/object_detection_route_planning/install/yolov5_slam_nav/lib/python3.8/site-packages/yolov5_slam_nav-0.0.1-py3.8.egg-info' (and everything under it)
[4.913s] Copying build/yolov5_slam_nav/yolov5_slam_nav.egg-info to /home/jetson/object_detection_route_planning/install/yolov5_slam_nav/lib/python3.8/site-packages/yolov5_slam_nav-0.0.1-py3.8.egg-info
[4.917s] running install_scripts
[4.994s] Installing listener_yolov5 script to /home/jetson/object_detection_route_planning/install/yolov5_slam_nav/lib/yolov5_slam_nav
[4.995s] Installing map_updater script to /home/jetson/object_detection_route_planning/install/yolov5_slam_nav/lib/yolov5_slam_nav
[4.995s] Installing publish_map_odom_tf script to /home/jetson/object_detection_route_planning/install/yolov5_slam_nav/lib/yolov5_slam_nav
[4.996s] writing list of installed files to '/home/jetson/object_detection_route_planning/build/yolov5_slam_nav/install.log'
[5.095s] Invoked command in '/home/jetson/object_detection_route_planning' returned '0': NX_CONNECTION=192.168.1.82 19410 192.168.1.96 4000 PYTHONPATH=/home/jetson/object_detection_route_planning/build/yolov5_slam_nav/prefix_override:/usr/lib/python3/dist-packages/colcon_core/task/python/colcon_distutils_commands:/home/jetson/object_detection_route_planning/install/yolov5_slam_nav/lib/python3.8/site-packages:${PYTHONPATH} /usr/bin/python3 -W ignore:setup.py install is deprecated -W ignore:easy_install command is deprecated setup.py egg_info --egg-base build/yolov5_slam_nav build --build-base /home/jetson/object_detection_route_planning/build/yolov5_slam_nav/build install --record /home/jetson/object_detection_route_planning/build/yolov5_slam_nav/install.log --single-version-externally-managed install_data
