[12.497s] Invoking command in '/home/jetson/yolov5_slam_nav': NX_CONNECTION=192.168.1.82 28285 192.168.1.87 4000 PYTHONPATH=/home/jetson/yolov5_slam_nav/build/yolov5_slam_nav/prefix_override:/usr/lib/python3/dist-packages/colcon_core/task/python/colcon_distutils_commands:/home/jetson/yolov5_slam_nav/install/yolov5_slam_nav/lib/python3.8/site-packages:${PYTHONPATH} /usr/bin/python3 -W ignore:setup.py install is deprecated -W ignore:easy_install command is deprecated setup.py egg_info --egg-base build/yolov5_slam_nav build --build-base /home/jetson/yolov5_slam_nav/build/yolov5_slam_nav/build install --record /home/jetson/yolov5_slam_nav/build/yolov5_slam_nav/install.log --single-version-externally-managed install_data
[16.097s] running egg_info
[16.108s] writing build/yolov5_slam_nav/yolov5_slam_nav.egg-info/PKG-INFO
[16.109s] writing dependency_links to build/yolov5_slam_nav/yolov5_slam_nav.egg-info/dependency_links.txt
[16.110s] writing entry points to build/yolov5_slam_nav/yolov5_slam_nav.egg-info/entry_points.txt
[16.111s] writing requirements to build/yolov5_slam_nav/yolov5_slam_nav.egg-info/requires.txt
[16.118s] writing top-level names to build/yolov5_slam_nav/yolov5_slam_nav.egg-info/top_level.txt
[16.137s] reading manifest file 'build/yolov5_slam_nav/yolov5_slam_nav.egg-info/SOURCES.txt'
[16.161s] writing manifest file 'build/yolov5_slam_nav/yolov5_slam_nav.egg-info/SOURCES.txt'
[16.163s] running build
[16.164s] running build_py
[16.198s] running install
[16.209s] running install_lib
[16.236s] running install_data
[16.237s] running install_egg_info
[16.293s] removing '/home/jetson/yolov5_slam_nav/install/yolov5_slam_nav/lib/python3.8/site-packages/yolov5_slam_nav-0.0.1-py3.8.egg-info' (and everything under it)
[16.294s] Copying build/yolov5_slam_nav/yolov5_slam_nav.egg-info to /home/jetson/yolov5_slam_nav/install/yolov5_slam_nav/lib/python3.8/site-packages/yolov5_slam_nav-0.0.1-py3.8.egg-info
[16.316s] running install_scripts
[16.713s] Installing data_conversion script to /home/jetson/yolov5_slam_nav/install/yolov5_slam_nav/lib/yolov5_slam_nav
[16.713s] Installing listener_yolov5 script to /home/jetson/yolov5_slam_nav/install/yolov5_slam_nav/lib/yolov5_slam_nav
[16.714s] writing list of installed files to '/home/jetson/yolov5_slam_nav/build/yolov5_slam_nav/install.log'
[16.902s] Invoked command in '/home/jetson/yolov5_slam_nav' returned '0': NX_CONNECTION=192.168.1.82 28285 192.168.1.87 4000 PYTHONPATH=/home/jetson/yolov5_slam_nav/build/yolov5_slam_nav/prefix_override:/usr/lib/python3/dist-packages/colcon_core/task/python/colcon_distutils_commands:/home/jetson/yolov5_slam_nav/install/yolov5_slam_nav/lib/python3.8/site-packages:${PYTHONPATH} /usr/bin/python3 -W ignore:setup.py install is deprecated -W ignore:easy_install command is deprecated setup.py egg_info --egg-base build/yolov5_slam_nav build --build-base /home/jetson/yolov5_slam_nav/build/yolov5_slam_nav/build install --record /home/jetson/yolov5_slam_nav/build/yolov5_slam_nav/install.log --single-version-externally-managed install_data
