[4.655s] Invoking command in '/home/jetson/object_detection_route_planning': NX_CONNECTION=192.168.1.82 5292 192.168.1.96 4000 PYTHONPATH=/home/jetson/object_detection_route_planning/build/yolov5_slam_nav/prefix_override:/usr/lib/python3/dist-packages/colcon_core/task/python/colcon_distutils_commands:/home/jetson/object_detection_route_planning/install/yolov5_slam_nav/lib/python3.8/site-packages:${PYTHONPATH} /usr/bin/python3 -W ignore:setup.py install is deprecated -W ignore:easy_install command is deprecated setup.py egg_info --egg-base build/yolov5_slam_nav build --build-base /home/jetson/object_detection_route_planning/build/yolov5_slam_nav/build install --record /home/jetson/object_detection_route_planning/build/yolov5_slam_nav/install.log --single-version-externally-managed install_data
[6.017s] running egg_info
[6.021s] writing build/yolov5_slam_nav/yolov5_slam_nav.egg-info/PKG-INFO
[6.023s] writing dependency_links to build/yolov5_slam_nav/yolov5_slam_nav.egg-info/dependency_links.txt
[6.024s] writing entry points to build/yolov5_slam_nav/yolov5_slam_nav.egg-info/entry_points.txt
[6.024s] writing requirements to build/yolov5_slam_nav/yolov5_slam_nav.egg-info/requires.txt
[6.025s] writing top-level names to build/yolov5_slam_nav/yolov5_slam_nav.egg-info/top_level.txt
[6.041s] reading manifest file 'build/yolov5_slam_nav/yolov5_slam_nav.egg-info/SOURCES.txt'
[6.047s] writing manifest file 'build/yolov5_slam_nav/yolov5_slam_nav.egg-info/SOURCES.txt'
[6.047s] running build
[6.048s] running build_py
[6.049s] copying src/yolov5_slam_nav/navigator.py -> /home/jetson/object_detection_route_planning/build/yolov5_slam_nav/build/lib/yolov5_slam_nav
[6.055s] copying src/yolov5_slam_nav/map_updater.py -> /home/jetson/object_detection_route_planning/build/yolov5_slam_nav/build/lib/yolov5_slam_nav
[6.056s] running install
[6.062s] running install_lib
[6.065s] copying /home/jetson/object_detection_route_planning/build/yolov5_slam_nav/build/lib/yolov5_slam_nav/navigator.py -> /home/jetson/object_detection_route_planning/install/yolov5_slam_nav/lib/python3.8/site-packages/yolov5_slam_nav
[6.067s] copying /home/jetson/object_detection_route_planning/build/yolov5_slam_nav/build/lib/yolov5_slam_nav/map_updater.py -> /home/jetson/object_detection_route_planning/install/yolov5_slam_nav/lib/python3.8/site-packages/yolov5_slam_nav
[6.070s] byte-compiling /home/jetson/object_detection_route_planning/install/yolov5_slam_nav/lib/python3.8/site-packages/yolov5_slam_nav/navigator.py to navigator.cpython-38.pyc
[6.073s] byte-compiling /home/jetson/object_detection_route_planning/install/yolov5_slam_nav/lib/python3.8/site-packages/yolov5_slam_nav/map_updater.py to map_updater.cpython-38.pyc
[6.079s] running install_data
[6.081s] running install_egg_info
[6.087s] removing '/home/jetson/object_detection_route_planning/install/yolov5_slam_nav/lib/python3.8/site-packages/yolov5_slam_nav-0.0.1-py3.8.egg-info' (and everything under it)
[6.088s] Copying build/yolov5_slam_nav/yolov5_slam_nav.egg-info to /home/jetson/object_detection_route_planning/install/yolov5_slam_nav/lib/python3.8/site-packages/yolov5_slam_nav-0.0.1-py3.8.egg-info
[6.092s] running install_scripts
[6.173s] Installing map_updater script to /home/jetson/object_detection_route_planning/install/yolov5_slam_nav/lib/yolov5_slam_nav
[6.175s] Installing navigator = yolov5_slam_nav.navigator:mainlistener_yolov5 script to /home/jetson/object_detection_route_planning/install/yolov5_slam_nav/lib/yolov5_slam_nav
[6.176s] writing list of installed files to '/home/jetson/object_detection_route_planning/build/yolov5_slam_nav/install.log'
[6.331s] Invoked command in '/home/jetson/object_detection_route_planning' returned '0': NX_CONNECTION=192.168.1.82 5292 192.168.1.96 4000 PYTHONPATH=/home/jetson/object_detection_route_planning/build/yolov5_slam_nav/prefix_override:/usr/lib/python3/dist-packages/colcon_core/task/python/colcon_distutils_commands:/home/jetson/object_detection_route_planning/install/yolov5_slam_nav/lib/python3.8/site-packages:${PYTHONPATH} /usr/bin/python3 -W ignore:setup.py install is deprecated -W ignore:easy_install command is deprecated setup.py egg_info --egg-base build/yolov5_slam_nav build --build-base /home/jetson/object_detection_route_planning/build/yolov5_slam_nav/build install --record /home/jetson/object_detection_route_planning/build/yolov5_slam_nav/install.log --single-version-externally-managed install_data
