[3.746s] Invoking command in '/home/jetson/object_detection_route_planning': NX_CONNECTION=192.168.1.82 19410 192.168.1.96 4000 PYTHONPATH=/home/jetson/object_detection_route_planning/build/yolov5_slam_nav/prefix_override:/usr/lib/python3/dist-packages/colcon_core/task/python/colcon_distutils_commands:/home/jetson/object_detection_route_planning/install/yolov5_slam_nav/lib/python3.8/site-packages:${PYTHONPATH} /usr/bin/python3 -W ignore:setup.py install is deprecated -W ignore:easy_install command is deprecated setup.py egg_info --egg-base build/yolov5_slam_nav build --build-base /home/jetson/object_detection_route_planning/build/yolov5_slam_nav/build install --record /home/jetson/object_detection_route_planning/build/yolov5_slam_nav/install.log --single-version-externally-managed install_data
[4.962s] running egg_info
[4.965s] writing build/yolov5_slam_nav/yolov5_slam_nav.egg-info/PKG-INFO
[4.968s] writing dependency_links to build/yolov5_slam_nav/yolov5_slam_nav.egg-info/dependency_links.txt
[4.968s] writing entry points to build/yolov5_slam_nav/yolov5_slam_nav.egg-info/entry_points.txt
[4.968s] writing requirements to build/yolov5_slam_nav/yolov5_slam_nav.egg-info/requires.txt
[4.969s] writing top-level names to build/yolov5_slam_nav/yolov5_slam_nav.egg-info/top_level.txt
[4.989s] reading manifest file 'build/yolov5_slam_nav/yolov5_slam_nav.egg-info/SOURCES.txt'
[4.994s] writing manifest file 'build/yolov5_slam_nav/yolov5_slam_nav.egg-info/SOURCES.txt'
[4.995s] running build
[4.999s] running build_py
[5.000s] copying src/yolov5_slam_nav/map_updater.py -> /home/jetson/object_detection_route_planning/build/yolov5_slam_nav/build/lib/yolov5_slam_nav
[5.000s] running install
[5.003s] running install_lib
[5.009s] copying /home/jetson/object_detection_route_planning/build/yolov5_slam_nav/build/lib/yolov5_slam_nav/map_updater.py -> /home/jetson/object_detection_route_planning/install/yolov5_slam_nav/lib/python3.8/site-packages/yolov5_slam_nav
[5.014s] byte-compiling /home/jetson/object_detection_route_planning/install/yolov5_slam_nav/lib/python3.8/site-packages/yolov5_slam_nav/map_updater.py to map_updater.cpython-38.pyc
[5.021s] running install_data
[5.021s] running install_egg_info
[5.028s] removing '/home/jetson/object_detection_route_planning/install/yolov5_slam_nav/lib/python3.8/site-packages/yolov5_slam_nav-0.0.1-py3.8.egg-info' (and everything under it)
[5.029s] Copying build/yolov5_slam_nav/yolov5_slam_nav.egg-info to /home/jetson/object_detection_route_planning/install/yolov5_slam_nav/lib/python3.8/site-packages/yolov5_slam_nav-0.0.1-py3.8.egg-info
[5.033s] running install_scripts
[5.110s] Installing listener_yolov5 script to /home/jetson/object_detection_route_planning/install/yolov5_slam_nav/lib/yolov5_slam_nav
[5.111s] Installing map_updater script to /home/jetson/object_detection_route_planning/install/yolov5_slam_nav/lib/yolov5_slam_nav
[5.111s] writing list of installed files to '/home/jetson/object_detection_route_planning/build/yolov5_slam_nav/install.log'
[5.210s] Invoked command in '/home/jetson/object_detection_route_planning' returned '0': NX_CONNECTION=192.168.1.82 19410 192.168.1.96 4000 PYTHONPATH=/home/jetson/object_detection_route_planning/build/yolov5_slam_nav/prefix_override:/usr/lib/python3/dist-packages/colcon_core/task/python/colcon_distutils_commands:/home/jetson/object_detection_route_planning/install/yolov5_slam_nav/lib/python3.8/site-packages:${PYTHONPATH} /usr/bin/python3 -W ignore:setup.py install is deprecated -W ignore:easy_install command is deprecated setup.py egg_info --egg-base build/yolov5_slam_nav build --build-base /home/jetson/object_detection_route_planning/build/yolov5_slam_nav/build install --record /home/jetson/object_detection_route_planning/build/yolov5_slam_nav/install.log --single-version-externally-managed install_data
