[8.596s] Invoking command in '/home/jetson/object_detection_route_planning': NX_CONNECTION=192.168.1.82 19410 192.168.1.96 4000 PYTHONPATH=/home/jetson/object_detection_route_planning/build/yolov5_slam_nav/prefix_override:/usr/lib/python3/dist-packages/colcon_core/task/python/colcon_distutils_commands:/home/jetson/object_detection_route_planning/install/yolov5_slam_nav/lib/python3.8/site-packages:${PYTHONPATH} /usr/bin/python3 -W ignore:setup.py install is deprecated -W ignore:easy_install command is deprecated setup.py egg_info --egg-base build/yolov5_slam_nav build --build-base /home/jetson/object_detection_route_planning/build/yolov5_slam_nav/build install --record /home/jetson/object_detection_route_planning/build/yolov5_slam_nav/install.log --single-version-externally-managed install_data
[11.504s] running egg_info
[11.505s] writing build/yolov5_slam_nav/yolov5_slam_nav.egg-info/PKG-INFO
[11.506s] writing dependency_links to build/yolov5_slam_nav/yolov5_slam_nav.egg-info/dependency_links.txt
[11.507s] writing entry points to build/yolov5_slam_nav/yolov5_slam_nav.egg-info/entry_points.txt
[11.508s] writing requirements to build/yolov5_slam_nav/yolov5_slam_nav.egg-info/requires.txt
[11.508s] writing top-level names to build/yolov5_slam_nav/yolov5_slam_nav.egg-info/top_level.txt
[11.550s] reading manifest file 'build/yolov5_slam_nav/yolov5_slam_nav.egg-info/SOURCES.txt'
[11.555s] writing manifest file 'build/yolov5_slam_nav/yolov5_slam_nav.egg-info/SOURCES.txt'
[11.556s] running build
[11.558s] running build_py
[11.558s] running install
[11.563s] running install_lib
[11.595s] running install_data
[11.600s] running install_egg_info
[11.608s] removing '/home/jetson/object_detection_route_planning/install/yolov5_slam_nav/lib/python3.8/site-packages/yolov5_slam_nav-0.0.1-py3.8.egg-info' (and everything under it)
[11.609s] Copying build/yolov5_slam_nav/yolov5_slam_nav.egg-info to /home/jetson/object_detection_route_planning/install/yolov5_slam_nav/lib/python3.8/site-packages/yolov5_slam_nav-0.0.1-py3.8.egg-info
[11.635s] running install_scripts
[11.765s] Installing listener_yolov5 script to /home/jetson/object_detection_route_planning/install/yolov5_slam_nav/lib/yolov5_slam_nav
[11.766s] Installing map_updater script to /home/jetson/object_detection_route_planning/install/yolov5_slam_nav/lib/yolov5_slam_nav
[11.767s] Installing publish_map_odom_tf script to /home/jetson/object_detection_route_planning/install/yolov5_slam_nav/lib/yolov5_slam_nav
[11.768s] writing list of installed files to '/home/jetson/object_detection_route_planning/build/yolov5_slam_nav/install.log'
[11.927s] Invoked command in '/home/jetson/object_detection_route_planning' returned '0': NX_CONNECTION=192.168.1.82 19410 192.168.1.96 4000 PYTHONPATH=/home/jetson/object_detection_route_planning/build/yolov5_slam_nav/prefix_override:/usr/lib/python3/dist-packages/colcon_core/task/python/colcon_distutils_commands:/home/jetson/object_detection_route_planning/install/yolov5_slam_nav/lib/python3.8/site-packages:${PYTHONPATH} /usr/bin/python3 -W ignore:setup.py install is deprecated -W ignore:easy_install command is deprecated setup.py egg_info --egg-base build/yolov5_slam_nav build --build-base /home/jetson/object_detection_route_planning/build/yolov5_slam_nav/build install --record /home/jetson/object_detection_route_planning/build/yolov5_slam_nav/install.log --single-version-externally-managed install_data
